; Package list for BONUS-CD0 packages.

; This is the package list used for the packages that are only on the BONUS CD
; Generally speaking... they are not on any of the install media nor installed
; under BASE or FULL. However, some may be included here even if they are
; included elsewhere.

boot\romdsk
boot\romos
boot\syslnx

devel\bcc
devel\bwbasic
devel\cpp2ccmt
devel\euphoria
devel\fasm
devel\fbc_help
devel\fbc
devel\fpc
devel\insight
devel\jwasm
devel\lua
devel\nasm
devel\watcomc
devel\watcomf
devel\perl
devel\regina
devel\runtime
devel\suppls
devel\upx

devel\sqlite

devel\i16env
devel\i16budoc
devel\i16butil
devel\i16gcc
devel\i16gcdoc
devel\i16newli
devel\i16src
devel\i16lbi86
devel\i16elklc
devel\i16nlelk
devel\dojs
devel\msa
devel\tinyasm

devel\kittenc
; util\fdisrc
; devel\fdisrc

; devel\djgpp
; devel\dj_bin
; devel\dj_alego
; devel\dj_bison
; devel\dj_gdb
; devel\dj_faq
; devel\dj_flex
; devel\dj_gcc
; devel\dj_gpp
; devel\dj_make
; devel\dj_objc
; devel\dj_rhide
; devel\dj_txinf
; devel\dj_watcp
; devel\dj_zlib
; devel\dj_gcsrc

gui\opengem

