; Cleanup file list.

; In order to save space on the smaller install media, these unnecessary files
; will be removed after there packages are installed. They will not be present
; on the filesystem of the install media. (They are still in their associated
; packages.)

BIN\KERNL86.SYS
BIN\KERNL386.SYS
BIN\FDCOM.ICO
BIN\FDNPKG.EXE
BIN\IDLEDPMS.COM
BIN\TICKLE.COM
BIN\UHDD.SYS
BIN\_MORE.EXE
BIN\CTMOUSE
BIN\CC.COM
BIN\DRVON.COM
BIN\JEMFBHLP.EXE
BIN\UMBM.EXE
BIN\EMSSTAT.EXE
BIN\CPUSTAT.EXE
BIN\MEMSTAT.EXE
BIN\XMSSTAT.EXE
BIN\JLOAD.EXE
BIN\MOVEXBDA.EXE
BIN\XCDROM32.DLL
BIN\XDMA32.DLL
APPINFO
PACKAGES
DOC
HELP
BIN\SHCDX86.EXE
BIN\SHFDRV86.EXE
BIN\SHRDRV86.EXE
BIN\SHSUFDRV.EXE
BIN\SRDEMS3.SYS
BIN\SRDEMSS.SYS
BIN\SRDEMS.SYS
BIN\SRDUMMY.SYS
BIN\SRDXMSS.SYS
BIN\ZIP16-SM.EXE
BIN\ZIP16.EXE
BIN\ZIPCLOAK.EXE
BIN\ZIPNOTE.EXE
BIN\ZIPSPLIT.EXE
BIN\COUNTRY.SYS
BIN\C*.TBL
BIN\C*.GBK

BIN\DOSLFNMS.COM
BIN\HIMEMX2.EXE
BIN\ONELANG.BAT
BIN\SHCDX86.COM
BIN\UMBM-OLD.EXE

BIN\*.HLP
BIN\*.OEM

BIN\VMODE.COM
BIN\VPCSPKR.COM
BIN\VVER.COM

NLS\FC.*
NLS\MEM.*
NLS\MORE.*
NLS\XCOPY.*
; NLS\FDIMPLES.*

