; Package list for ALL package installation.

; These are the same as the BASE set.
base\append
base\assign
base\attrib
base\chkdsk
base\choice
base\command
base\comp
base\cpidos
base\ctmouse
base\debug
base\defrag
base\deltree
base\devload
base\diskcomp
base\diskcopy
base\display
base\dosfsck
base\edit
base\edlin
base\exe2bin
base\fc
base\fdapm
base\fdisk
base\find
base\format
base\fdxms
base\fdxms286
base\help
base\jemm
base\himemx
base\kernel
base\keyb
base\keyb_lay
base\label
base\lbacache
base\mem
base\mirror
base\mkeyb
base\mode
base\more
base\move
base\nansi
base\nlsfunc
base\print
; base\rdisk
base\recover
base\replace
base\share
base\shsucdx
base\sort
base\swsubst
base\tree
base\undelete
base\unformat
base\xcopy
util\udvd2

base\welcome
util\fdnpkg
util\cwsdpmi
archiver\zip
archiver\unzip
util\v8power
util\shsufdrv
util\fdimples

; The remaining packages are only installed when ALL is chosen.

util\4dos
util\doslfn
util\memtest
util\bootfix

util\grep
util\tee
util\touch
util\which
util\pg

archiver\tar
archiver\gzip
archiver\bz2
archiver\lzip
archiver\lzma
archiver\lzop

net\mtcp
net\wget
net\vmsmount

edit\msedit
util\biew
util\bmp2png
util\cdrcache
util\cpied
util\daa2iso
util\dos32a
util\foxcalc
util\gcdrom
util\gnubc
util\graphics
util\less
util\localize
util\lscolor
util\md5sum
util\part
util\srdisk
util\usbdos
util\xfdisk
util\zerofill
