; Package list for TINY-LIVES media startup image.

; This list contains the packages that required by the type 1 LiveCD to bring
; up a microscopic portion of FreeDOS that then can load the additional
; packages in the LIVE list.

base\devload
base\fdapm
util\fdnpkg
base\shsucdx
util\udvd2
base\xcopy
util\v8power

util\gcdrom

; not required but really should be there
base\format
base\fdisk
; base\ctmouse
; util\cwsdpmi
; util\fdimples
; base\fc
; base\mem
; base\more


