; Package list for BASE only installation of FreeDOS.

; This is the BASE package set. It contains the packages used Plain DOS system.

base\kernel
base\freecom
base\jemm
base\himemx
base\fdisk
base\format
base\xcopy

base\attrib
base\chkdsk
base\append
base\assign
base\choice
base\comp
base\cpidos
base\ctmouse
base\debug
base\defrag
base\deltree
base\devload
base\diskcomp
base\diskcopy
base\display
base\edit
base\edlin
base\exe2bin
base\fc
base\fdapm
base\find
base\fdxms
base\fdxms286
base\keyb
base\keyb_lay
base\label
base\lbacache
base\mem
base\mirror
base\mkeyb
base\mode
base\more
base\move
base\nansi
base\nlsfunc
base\print
base\recover
base\replace
base\share
base\shsucdx
base\sort
base\swsubst
base\tree
base\undelete
base\unformat
base\graphics
base\fdhelper

; base\htmlhelp
util\ambread
base\ambhelp

; Not actually part of BASE, but installed with it.

util\fdnpkg
util\v8power
apps\fdimples
archiver\unzip

; Probably should always include these as well.

archiver\zip
drivers\udvd2
drivers\gcdrom
util\callver
util\cwsdpmi
drivers\shsufdrv

; Include custom release user assistance packages

$PKG_ASSIST$
