; Package list for FULL package installation.

$PKG_BASE$
$PKG_FDI$

unixlike\grep
unixlike\xgrep
unixlike\nro
unixlike\head
unixlike\du
util\sleep
unixlike\tee
unixlike\touch
util\which

archiver\tar
archiver\gzip
archiver\bz2
archiver\lzip
archiver\lzma
archiver\lzop

edit\msedit

util\bootfix
util\pg
util\bmp2png
util\cdrcache
util\cpied
util\daa2iso
util\dos32a
util\foxcalc
unixlike\gnubc
unixlike\less
util\localize
unixlike\md5sum
util\part
util\srdisk
util\usbdos
util\slowdown
util\xfdisk
util\zerofill
util\xdel

util\doslfn

util\dosutil

util\doszip
util\dzemm
util\foxtype
util\lfndos
util\gnuchcp

util\password
util\pcisleep
util\raread
util\rawrite
util\setlock
util\spool
util\stamp
util\switchar
util\topspin
unixlike\trch
util\xkeyb

util\shareext
util\wcd
net\mtcp
net\wget
util\fdshield
