; Package list for LiveCD media startup image.

; This list contains the packages that required by the type 1 LiveCD to bring
; up a microscopic portion of FreeDOS that then can load the additional
; packages in the LIVE list.

base\devload
base\fdapm
net\fdnpkg
; util\fdinst
base\shsucdx
base\xcopy
tools\v8power
drivers\shsufdrv
drivers\srdisk
base\himemx

base\lbacache
drivers\udvd2
drivers\cdrcache

; El Torito driver is included through config options for CD boot media
; drivers\eltorito

base\fdhelper

; not required but really should be there
base\format
base\fdisk
base\more
base\edit
