base\append
base\assign
base\attrib
base\chkdsk
base\choice
base\command
base\comp
base\cpidos
base\ctmouse
base\debug
base\defrag
base\deltree
base\devload
base\diskcopy
base\display
base\dosfsck
base\diskcomp
base\edit
base\edlin
base\exe2bin
base\fc
base\fdapm
base\fdisk
base\find
base\format
base\fdxms
base\fdxms286
base\help
base\himemx
base\kernel
base\keyb
base\keyb_lay
base\label
base\lbacache
base\mem
base\mirror
base\mode
base\more
base\move
base\nansi
base\nlsfunc
base\print
base\recover
base\replace
base\share
base\shsucdx
base\sort
base\swsubst
base\tree
base\undelete
base\unformat
base\xcopy
base\xmgr
devel\nasm
devel\fasm
games\boom
games\fmines