appendx
assignx
attribx
bootfixx
callverx
cdrcachx
chkdskx
choicex
commandx
compx
cpix
ctmousex
cwsdpmix
debugx
defragx
deltreex
devloadx
displayx
dosfsckx
doslfnx
dskcompx
dskcopyx
editx
edlinx
emm386x
exe2binx
fasthlpx
fcx
fdapmx
fdiskx
fdpkgx
fdxmsx
findx
formatx
fshieldx
gplv2
graphicx
helpx
infozipx
keybx
labelx
lbacachx
memx
mirrorx
modex
morex
movex
nansix
nlsfuncx
printqx
printx
recoverx
replacex
ripcordx
samcfg
sharex
shsucdxx
shsudrvx
sortx
substx
sysx
treex
undelx
unfmtx
xcdromx
xcopyx
xdmax