AUTOEXEC.NEW
FDCONFIG.NEW
THEMENUL.BAT
THEMEADV.BAT
STAGE000.BAT
STAGE001.BAT
STAGE002.BAT
STAGE003.BAT
STAGE004.BAT
STAGE005.BAT
STAGE006.BAT
STAGE007.BAT
STAGE008.BAT
STAGE009.BAT
STAGE999.BAT
FDISCAN.BAT
FDIFAIL.BAT
FDICLS.BAT
FDICTRLC.BAT
FDIWIND.BAT
FDIOPTS.BAT
FDASK000.BAT
FDASK100.BAT
FDASK200.BAT
FDASK300.BAT
FDASK400.BAT
FDASK500.BAT
FDASK500.BAT
FDASK600.BAT
FDASK900.BAT
FDINS000.BAT
FDINS100.BAT
FDINS200.BAT
FDINS300.BAT
FDINS400.BAT
FDINS500.BAT
FDINS600.BAT
FDINS700.BAT
FDINS800.BAT
FDINS900.BAT
