FDSETUP.BAT
THEMEDEF.BAT
THEMEADV.BAT
STAGE000.BAT
STAGE100.BAT
STAGE200.BAT
STAGE300.BAT
STAGE400.BAT
STAGE500.BAT
STAGE600.BAT
STAGE700.BAT
STAGE800.BAT
STAGE900.BAT
STAGE999.BAT
FDILANG.BAT
FDIMEDIA.BAT
FDISCAN.BAT
FDIFAIL.BAT
FDICLS.BAT
FDICTRLC.BAT
FDASK000.BAT
FDASK100.BAT
FDASK200.BAT
FDASK300.BAT
FDASK400.BAT
FDASK500.BAT
FDASK500.BAT
FDASK600.BAT
FDASK900.BAT
FDINS000.BAT
FDINS100.BAT
FDINS200.BAT
FDINS300.BAT
FDINS400.BAT
FDINS500.BAT
FDINS600.BAT
FDINS700.BAT
FDINS800.BAT
FDINS900.BAT
FDIPKG.BAT
AUTOEXEC.DEF
FDCONFIG.DEF
FDPLBASE.LST
FDPLALL.LST
FDNPSRC.CFG
FDNPBIN.CFG